INFO - 2023-12-01 00:00:31 --> Session: Class initialized using 'CodeIgniter\Session\Handlers\FileHandler' driver.
CRITICAL - 2023-12-01 00:18:54 --> Too few arguments to function App\Controllers\AdminGudangController::detailqr_beritaacara(), 0 passed in /Applications/MAMP/htdocs/88/vendor/codeigniter4/framework/system/CodeIgniter.php on line 942 and exactly 1 expected
in APPPATH/Controllers/AdminGudangController.php on line 285.
 1 SYSTEMPATH/CodeIgniter.php(942): App\Controllers\AdminGudangController->detailqr_beritaacara()
 2 SYSTEMPATH/CodeIgniter.php(502): CodeIgniter\CodeIgniter->runController(Object(App\Controllers\AdminGudangController))
 3 SYSTEMPATH/CodeIgniter.php(361): CodeIgniter\CodeIgniter->handleRequest(null, Object(Config\Cache), false)
 4 FCPATH/index.php(79): CodeIgniter\CodeIgniter->run()
 5 SYSTEMPATH/Commands/Server/rewrite.php(47): require_once('/Applications/MAMP/htdocs/88/public/index.php')
CRITICAL - 2023-12-01 00:19:38 --> Too few arguments to function App\Controllers\AdminGudangController::detailqr_beritaacara(), 0 passed in /Applications/MAMP/htdocs/88/vendor/codeigniter4/framework/system/CodeIgniter.php on line 942 and exactly 1 expected
in APPPATH/Controllers/AdminGudangController.php on line 285.
 1 SYSTEMPATH/CodeIgniter.php(942): App\Controllers\AdminGudangController->detailqr_beritaacara()
 2 SYSTEMPATH/CodeIgniter.php(502): CodeIgniter\CodeIgniter->runController(Object(App\Controllers\AdminGudangController))
 3 SYSTEMPATH/CodeIgniter.php(361): CodeIgniter\CodeIgniter->handleRequest(null, Object(Config\Cache), false)
 4 FCPATH/index.php(79): CodeIgniter\CodeIgniter->run()
 5 SYSTEMPATH/Commands/Server/rewrite.php(47): require_once('/Applications/MAMP/htdocs/88/public/index.php')
CRITICAL - 2023-12-01 01:43:58 --> Undefined variable $data
in APPPATH/Views/admingudang/beritaacara/detail.php on line 52.
 1 APPPATH/Views/admingudang/beritaacara/detail.php(52): CodeIgniter\Debug\Exceptions->errorHandler(2, 'Undefined variable $data', '/Applications/MAMP/htdocs/88/app/Views/admingudang/beritaacara/detail.php', 52)
 2 SYSTEMPATH/View/View.php(228): include('/Applications/MAMP/htdocs/88/app/Views/admingudang/beritaacara/detail.php')
 3 SYSTEMPATH/View/View.php(231): CodeIgniter\View\View->CodeIgniter\View\{closure}()
 4 SYSTEMPATH/Common.php(1190): CodeIgniter\View\View->render('admingudang/beritaacara/detail', [], true)
 5 APPPATH/Controllers/AdminGudangController.php(282): view('admingudang/beritaacara/detail', [...])
 6 SYSTEMPATH/CodeIgniter.php(942): App\Controllers\AdminGudangController->detail_beritaacara('BA30112023105254')
 7 SYSTEMPATH/CodeIgniter.php(502): CodeIgniter\CodeIgniter->runController(Object(App\Controllers\AdminGudangController))
 8 SYSTEMPATH/CodeIgniter.php(361): CodeIgniter\CodeIgniter->handleRequest(null, Object(Config\Cache), false)
 9 FCPATH/index.php(79): CodeIgniter\CodeIgniter->run()
10 SYSTEMPATH/Commands/Server/rewrite.php(47): require_once('/Applications/MAMP/htdocs/88/public/index.php')
INFO - 2023-12-01 01:44:23 --> Session: Class initialized using 'CodeIgniter\Session\Handlers\FileHandler' driver.
INFO - 2023-12-01 01:44:33 --> Session: Class initialized using 'CodeIgniter\Session\Handlers\FileHandler' driver.
INFO - 2023-12-01 01:57:26 --> Session: Class initialized using 'CodeIgniter\Session\Handlers\FileHandler' driver.
INFO - 2023-12-01 01:57:44 --> Session: Class initialized using 'CodeIgniter\Session\Handlers\FileHandler' driver.
INFO - 2023-12-01 20:19:35 --> Session: Class initialized using 'CodeIgniter\Session\Handlers\FileHandler' driver.
