INFO - 2023-12-02 10:14:57 --> Session: Class initialized using 'CodeIgniter\Session\Handlers\FileHandler' driver.
INFO - 2023-12-02 10:15:24 --> Session: Class initialized using 'CodeIgniter\Session\Handlers\FileHandler' driver.
INFO - 2023-12-02 11:04:12 --> Session: Class initialized using 'CodeIgniter\Session\Handlers\FileHandler' driver.
INFO - 2023-12-02 11:04:30 --> Session: Class initialized using 'CodeIgniter\Session\Handlers\FileHandler' driver.
INFO - 2023-12-02 13:23:40 --> Session: Class initialized using 'CodeIgniter\Session\Handlers\FileHandler' driver.
INFO - 2023-12-02 13:24:03 --> Session: Class initialized using 'CodeIgniter\Session\Handlers\FileHandler' driver.
INFO - 2023-12-02 13:24:16 --> Session: Class initialized using 'CodeIgniter\Session\Handlers\FileHandler' driver.
INFO - 2023-12-02 13:28:28 --> Session: Class initialized using 'CodeIgniter\Session\Handlers\FileHandler' driver.
CRITICAL - 2023-12-02 14:54:34 --> Undefined variable $databeritaacara
in APPPATH/Views/admingudang/beritaacara/index.php on line 22.
 1 APPPATH/Views/admingudang/beritaacara/index.php(22): CodeIgniter\Debug\Exceptions->errorHandler(2, 'Undefined variable $databeritaacara', '/Applications/MAMP/htdocs/88/app/Views/admingudang/beritaacara/index.php', 22)
 2 SYSTEMPATH/View/View.php(228): include('/Applications/MAMP/htdocs/88/app/Views/admingudang/beritaacara/index.php')
 3 SYSTEMPATH/View/View.php(231): CodeIgniter\View\View->CodeIgniter\View\{closure}()
 4 SYSTEMPATH/Common.php(1190): CodeIgniter\View\View->render('admingudang/beritaacara/index', [], true)
 5 APPPATH/Controllers/AdminGudangController.php(310): view('admingudang/beritaacara/index', [...])
 6 SYSTEMPATH/CodeIgniter.php(942): App\Controllers\AdminGudangController->index_suratjalan()
 7 SYSTEMPATH/CodeIgniter.php(502): CodeIgniter\CodeIgniter->runController(Object(App\Controllers\AdminGudangController))
 8 SYSTEMPATH/CodeIgniter.php(361): CodeIgniter\CodeIgniter->handleRequest(null, Object(Config\Cache), false)
 9 FCPATH/index.php(79): CodeIgniter\CodeIgniter->run()
10 SYSTEMPATH/Commands/Server/rewrite.php(47): require_once('/Applications/MAMP/htdocs/88/public/index.php')
