CRITICAL - 2023-11-25 21:02:42 --> Undefined variable $menu1
in APPPATH/Views/admin/layout.php on line 124.
 1 APPPATH/Views/admin/layout.php(124): CodeIgniter\Debug\Exceptions->errorHandler(2, 'Undefined variable $menu1', '/Applications/MAMP/htdocs/88/app/Views/admin/layout.php', 124)
 2 SYSTEMPATH/View/View.php(228): include('/Applications/MAMP/htdocs/88/app/Views/admin/layout.php')
 3 SYSTEMPATH/View/View.php(231): CodeIgniter\View\View->CodeIgniter\View\{closure}()
 4 SYSTEMPATH/Common.php(1190): CodeIgniter\View\View->render('admin/layout', [], true)
 5 APPPATH/Controllers/Home.php(9): view('admin/layout')
 6 SYSTEMPATH/CodeIgniter.php(942): App\Controllers\Home->index()
 7 SYSTEMPATH/CodeIgniter.php(502): CodeIgniter\CodeIgniter->runController(Object(App\Controllers\Home))
 8 SYSTEMPATH/CodeIgniter.php(361): CodeIgniter\CodeIgniter->handleRequest(null, Object(Config\Cache), false)
 9 FCPATH/index.php(79): CodeIgniter\CodeIgniter->run()
10 SYSTEMPATH/Commands/Server/rewrite.php(47): require_once('/Applications/MAMP/htdocs/88/public/index.php')
CRITICAL - 2023-11-25 21:31:39 --> Invalid file: "owner/layout.php"
in SYSTEMPATH\Exceptions\FrameworkException.php on line 39.
 1 SYSTEMPATH\View\View.php(216): CodeIgniter\Exceptions\FrameworkException::forInvalidFile('owner/layout.php')
 2 SYSTEMPATH\View\View.php(244): CodeIgniter\View\View->render('owner/layout', [], true)
 3 SYSTEMPATH\Common.php(1190): CodeIgniter\View\View->render('admin/kpm/index', [], true)
 4 APPPATH\Controllers\AdminController.php(47): view('admin/kpm/index', [...])
 5 SYSTEMPATH\CodeIgniter.php(942): App\Controllers\AdminController->index_kpm()
 6 SYSTEMPATH\CodeIgniter.php(502): CodeIgniter\CodeIgniter->runController(Object(App\Controllers\AdminController))
 7 SYSTEMPATH\CodeIgniter.php(361): CodeIgniter\CodeIgniter->handleRequest(null, Object(Config\Cache), false)
 8 FCPATH\index.php(79): CodeIgniter\CodeIgniter->run()
 9 SYSTEMPATH\Commands\Server\rewrite.php(47): require_once('D:\\Proyek\\Logistic 88\\88\\public\\index.php')
