ERROR - 2023-11-27 15:29:42 --> Error connecting to the database: mysqli_sql_exception: No connection could be made because the target machine actively refused it in D:\Proyek\Logistic 88\88\vendor\codeigniter4\framework\system\Database\MySQLi\Connection.php:184
Stack trace:
#0 D:\Proyek\Logistic 88\88\vendor\codeigniter4\framework\system\Database\MySQLi\Connection.php(184): mysqli->real_connect('127.0.0.1', 'root', Object(SensitiveParameterValue), '88', 3306, '', 0)
#1 D:\Proyek\Logistic 88\88\vendor\codeigniter4\framework\system\Database\BaseConnection.php(392): CodeIgniter\Database\MySQLi\Connection->connect(false)
#2 D:\Proyek\Logistic 88\88\vendor\codeigniter4\framework\system\Database\BaseConnection.php(575): CodeIgniter\Database\BaseConnection->initialize()
#3 D:\Proyek\Logistic 88\88\vendor\codeigniter4\framework\system\Database\BaseBuilder.php(1615): CodeIgniter\Database\BaseConnection->query('SELECT `admingu...', Array, false)
#4 D:\Proyek\Logistic 88\88\app\Models\AdminGudang.php(21): CodeIgniter\Database\BaseBuilder->get()
#5 D:\Proyek\Logistic 88\88\app\Controllers\AdminController.php(111): App\Models\AdminGudang->getAllAdminGudang()
#6 D:\Proyek\Logistic 88\88\vendor\codeigniter4\framework\system\CodeIgniter.php(942): App\Controllers\AdminController->index_ag()
#7 D:\Proyek\Logistic 88\88\vendor\codeigniter4\framework\system\CodeIgniter.php(502): CodeIgniter\CodeIgniter->runController(Object(App\Controllers\AdminController))
#8 D:\Proyek\Logistic 88\88\vendor\codeigniter4\framework\system\CodeIgniter.php(361): CodeIgniter\CodeIgniter->handleRequest(NULL, Object(Config\Cache), false)
#9 D:\Proyek\Logistic 88\88\public\index.php(79): CodeIgniter\CodeIgniter->run()
#10 D:\Proyek\Logistic 88\88\vendor\codeigniter4\framework\system\Commands\Server\rewrite.php(47): require_once('D:\\Proyek\\Logis...')
#11 {main}

Next CodeIgniter\Database\Exceptions\DatabaseException: No connection could be made because the target machine actively refused it in D:\Proyek\Logistic 88\88\vendor\codeigniter4\framework\system\Database\MySQLi\Connection.php:229
Stack trace:
#0 D:\Proyek\Logistic 88\88\vendor\codeigniter4\framework\system\Database\BaseConnection.php(392): CodeIgniter\Database\MySQLi\Connection->connect(false)
#1 D:\Proyek\Logistic 88\88\vendor\codeigniter4\framework\system\Database\BaseConnection.php(575): CodeIgniter\Database\BaseConnection->initialize()
#2 D:\Proyek\Logistic 88\88\vendor\codeigniter4\framework\system\Database\BaseBuilder.php(1615): CodeIgniter\Database\BaseConnection->query('SELECT `admingu...', Array, false)
#3 D:\Proyek\Logistic 88\88\app\Models\AdminGudang.php(21): CodeIgniter\Database\BaseBuilder->get()
#4 D:\Proyek\Logistic 88\88\app\Controllers\AdminController.php(111): App\Models\AdminGudang->getAllAdminGudang()
#5 D:\Proyek\Logistic 88\88\vendor\codeigniter4\framework\system\CodeIgniter.php(942): App\Controllers\AdminController->index_ag()
#6 D:\Proyek\Logistic 88\88\vendor\codeigniter4\framework\system\CodeIgniter.php(502): CodeIgniter\CodeIgniter->runController(Object(App\Controllers\AdminController))
#7 D:\Proyek\Logistic 88\88\vendor\codeigniter4\framework\system\CodeIgniter.php(361): CodeIgniter\CodeIgniter->handleRequest(NULL, Object(Config\Cache), false)
#8 D:\Proyek\Logistic 88\88\public\index.php(79): CodeIgniter\CodeIgniter->run()
#9 D:\Proyek\Logistic 88\88\vendor\codeigniter4\framework\system\Commands\Server\rewrite.php(47): require_once('D:\\Proyek\\Logis...')
#10 {main}
CRITICAL - 2023-11-27 15:29:42 --> Unable to connect to the database.
Main connection [MySQLi]: No connection could be made because the target machine actively refused it
in SYSTEMPATH\Database\BaseConnection.php on line 428.
 1 SYSTEMPATH\Database\BaseConnection.php(575): CodeIgniter\Database\BaseConnection->initialize()
 2 SYSTEMPATH\Database\BaseBuilder.php(1615): CodeIgniter\Database\BaseConnection->query('SELECT `admingudang`.*, `user`.*
FROM `admingudang`
LEFT JOIN `user` ON `user`.`id_user` = `admingudang`.`id_user`', [], false)
 3 APPPATH\Models\AdminGudang.php(21): CodeIgniter\Database\BaseBuilder->get()
 4 APPPATH\Controllers\AdminController.php(111): App\Models\AdminGudang->getAllAdminGudang()
 5 SYSTEMPATH\CodeIgniter.php(942): App\Controllers\AdminController->index_ag()
 6 SYSTEMPATH\CodeIgniter.php(502): CodeIgniter\CodeIgniter->runController(Object(App\Controllers\AdminController))
 7 SYSTEMPATH\CodeIgniter.php(361): CodeIgniter\CodeIgniter->handleRequest(null, Object(Config\Cache), false)
 8 FCPATH\index.php(79): CodeIgniter\CodeIgniter->run()
 9 SYSTEMPATH\Commands\Server\rewrite.php(47): require_once('D:\\Proyek\\Logistic 88\\88\\public\\index.php')
CRITICAL - 2023-11-27 15:35:34 --> Invalid file: "admin/ak/index.php"
in SYSTEMPATH\Exceptions\FrameworkException.php on line 39.
 1 SYSTEMPATH\View\View.php(216): CodeIgniter\Exceptions\FrameworkException::forInvalidFile('admin/ak/index.php')
 2 SYSTEMPATH\Common.php(1190): CodeIgniter\View\View->render('admin/ak/index', [], true)
 3 APPPATH\Controllers\AdminController.php(154): view('admin/ak/index', [...])
 4 SYSTEMPATH\CodeIgniter.php(942): App\Controllers\AdminController->index_ak()
 5 SYSTEMPATH\CodeIgniter.php(502): CodeIgniter\CodeIgniter->runController(Object(App\Controllers\AdminController))
 6 SYSTEMPATH\CodeIgniter.php(361): CodeIgniter\CodeIgniter->handleRequest(null, Object(Config\Cache), false)
 7 FCPATH\index.php(79): CodeIgniter\CodeIgniter->run()
 8 SYSTEMPATH\Commands\Server\rewrite.php(47): require_once('D:\\Proyek\\Logistic 88\\88\\public\\index.php')
CRITICAL - 2023-11-27 15:36:48 --> Invalid file: "admin/ak/.php"
in SYSTEMPATH\Exceptions\FrameworkException.php on line 39.
 1 SYSTEMPATH\View\View.php(216): CodeIgniter\Exceptions\FrameworkException::forInvalidFile('admin/ak/.php')
 2 SYSTEMPATH\Common.php(1190): CodeIgniter\View\View->render('admin/ak/', [], true)
 3 APPPATH\Controllers\AdminController.php(154): view('admin/ak/', [...])
 4 SYSTEMPATH\CodeIgniter.php(942): App\Controllers\AdminController->index_ak()
 5 SYSTEMPATH\CodeIgniter.php(502): CodeIgniter\CodeIgniter->runController(Object(App\Controllers\AdminController))
 6 SYSTEMPATH\CodeIgniter.php(361): CodeIgniter\CodeIgniter->handleRequest(null, Object(Config\Cache), false)
 7 FCPATH\index.php(79): CodeIgniter\CodeIgniter->run()
 8 SYSTEMPATH\Commands\Server\rewrite.php(47): require_once('D:\\Proyek\\Logistic 88\\88\\public\\index.php')
ERROR - 2023-11-27 15:38:26 --> Error connecting to the database: mysqli_sql_exception: Access denied for user 'root'@'localhost' (using password: YES) in D:\Proyek\Logistic 88\88\vendor\codeigniter4\framework\system\Database\MySQLi\Connection.php:184
Stack trace:
#0 D:\Proyek\Logistic 88\88\vendor\codeigniter4\framework\system\Database\MySQLi\Connection.php(184): mysqli->real_connect('127.0.0.1', 'root', Object(SensitiveParameterValue), '88', 3306, '', 0)
#1 D:\Proyek\Logistic 88\88\vendor\codeigniter4\framework\system\Database\BaseConnection.php(392): CodeIgniter\Database\MySQLi\Connection->connect(false)
#2 D:\Proyek\Logistic 88\88\vendor\codeigniter4\framework\system\Database\BaseConnection.php(575): CodeIgniter\Database\BaseConnection->initialize()
#3 D:\Proyek\Logistic 88\88\vendor\codeigniter4\framework\system\Database\BaseBuilder.php(1615): CodeIgniter\Database\BaseConnection->query('SELECT `admingu...', Array, false)
#4 D:\Proyek\Logistic 88\88\app\Models\AdminGudang.php(21): CodeIgniter\Database\BaseBuilder->get()
#5 D:\Proyek\Logistic 88\88\app\Controllers\AdminController.php(111): App\Models\AdminGudang->getAllAdminGudang()
#6 D:\Proyek\Logistic 88\88\vendor\codeigniter4\framework\system\CodeIgniter.php(942): App\Controllers\AdminController->index_ag()
#7 D:\Proyek\Logistic 88\88\vendor\codeigniter4\framework\system\CodeIgniter.php(502): CodeIgniter\CodeIgniter->runController(Object(App\Controllers\AdminController))
#8 D:\Proyek\Logistic 88\88\vendor\codeigniter4\framework\system\CodeIgniter.php(361): CodeIgniter\CodeIgniter->handleRequest(NULL, Object(Config\Cache), false)
#9 D:\Proyek\Logistic 88\88\public\index.php(79): CodeIgniter\CodeIgniter->run()
#10 D:\Proyek\Logistic 88\88\vendor\codeigniter4\framework\system\Commands\Server\rewrite.php(47): require_once('D:\\Proyek\\Logis...')
#11 {main}

Next CodeIgniter\Database\Exceptions\DatabaseException: Access denied for user '****'@'localhost' (using password: YES) in D:\Proyek\Logistic 88\88\vendor\codeigniter4\framework\system\Database\MySQLi\Connection.php:229
Stack trace:
#0 D:\Proyek\Logistic 88\88\vendor\codeigniter4\framework\system\Database\BaseConnection.php(392): CodeIgniter\Database\MySQLi\Connection->connect(false)
#1 D:\Proyek\Logistic 88\88\vendor\codeigniter4\framework\system\Database\BaseConnection.php(575): CodeIgniter\Database\BaseConnection->initialize()
#2 D:\Proyek\Logistic 88\88\vendor\codeigniter4\framework\system\Database\BaseBuilder.php(1615): CodeIgniter\Database\BaseConnection->query('SELECT `admingu...', Array, false)
#3 D:\Proyek\Logistic 88\88\app\Models\AdminGudang.php(21): CodeIgniter\Database\BaseBuilder->get()
#4 D:\Proyek\Logistic 88\88\app\Controllers\AdminController.php(111): App\Models\AdminGudang->getAllAdminGudang()
#5 D:\Proyek\Logistic 88\88\vendor\codeigniter4\framework\system\CodeIgniter.php(942): App\Controllers\AdminController->index_ag()
#6 D:\Proyek\Logistic 88\88\vendor\codeigniter4\framework\system\CodeIgniter.php(502): CodeIgniter\CodeIgniter->runController(Object(App\Controllers\AdminController))
#7 D:\Proyek\Logistic 88\88\vendor\codeigniter4\framework\system\CodeIgniter.php(361): CodeIgniter\CodeIgniter->handleRequest(NULL, Object(Config\Cache), false)
#8 D:\Proyek\Logistic 88\88\public\index.php(79): CodeIgniter\CodeIgniter->run()
#9 D:\Proyek\Logistic 88\88\vendor\codeigniter4\framework\system\Commands\Server\rewrite.php(47): require_once('D:\\Proyek\\Logis...')
#10 {main}
CRITICAL - 2023-11-27 15:38:26 --> Unable to connect to the database.
Main connection [MySQLi]: Access denied for user '****'@'localhost' (using password: YES)
in SYSTEMPATH\Database\BaseConnection.php on line 428.
 1 SYSTEMPATH\Database\BaseConnection.php(575): CodeIgniter\Database\BaseConnection->initialize()
 2 SYSTEMPATH\Database\BaseBuilder.php(1615): CodeIgniter\Database\BaseConnection->query('SELECT `admingudang`.*, `user`.*
FROM `admingudang`
LEFT JOIN `user` ON `user`.`id_user` = `admingudang`.`id_user`', [], false)
 3 APPPATH\Models\AdminGudang.php(21): CodeIgniter\Database\BaseBuilder->get()
 4 APPPATH\Controllers\AdminController.php(111): App\Models\AdminGudang->getAllAdminGudang()
 5 SYSTEMPATH\CodeIgniter.php(942): App\Controllers\AdminController->index_ag()
 6 SYSTEMPATH\CodeIgniter.php(502): CodeIgniter\CodeIgniter->runController(Object(App\Controllers\AdminController))
 7 SYSTEMPATH\CodeIgniter.php(361): CodeIgniter\CodeIgniter->handleRequest(null, Object(Config\Cache), false)
 8 FCPATH\index.php(79): CodeIgniter\CodeIgniter->run()
 9 SYSTEMPATH\Commands\Server\rewrite.php(47): require_once('D:\\Proyek\\Logistic 88\\88\\public\\index.php')
CRITICAL - 2023-11-27 15:51:11 --> Undefined variable $dataAG
in APPPATH\Views\admin\adminkecamatan\index.php on line 22.
 1 APPPATH\Views\admin\adminkecamatan\index.php(22): CodeIgniter\Debug\Exceptions->errorHandler(2, 'Undefined variable $dataAG', 'D:\\Proyek\\Logistic 88\\88\\app\\Views\\admin\\adminkecamatan\\index.php', 22)
 2 SYSTEMPATH\View\View.php(228): include('D:\\Proyek\\Logistic 88\\88\\app\\Views\\admin\\adminkecamatan\\index.php')
 3 SYSTEMPATH\View\View.php(231): CodeIgniter\View\View->CodeIgniter\View\{closure}()
 4 SYSTEMPATH\Common.php(1190): CodeIgniter\View\View->render('admin/adminkecamatan/index', [], true)
 5 APPPATH\Controllers\AdminController.php(154): view('admin/adminkecamatan/index', [...])
 6 SYSTEMPATH\CodeIgniter.php(942): App\Controllers\AdminController->index_ak()
 7 SYSTEMPATH\CodeIgniter.php(502): CodeIgniter\CodeIgniter->runController(Object(App\Controllers\AdminController))
 8 SYSTEMPATH\CodeIgniter.php(361): CodeIgniter\CodeIgniter->handleRequest(null, Object(Config\Cache), false)
 9 FCPATH\index.php(79): CodeIgniter\CodeIgniter->run()
10 SYSTEMPATH\Commands\Server\rewrite.php(47): require_once('D:\\Proyek\\Logistic 88\\88\\public\\index.php')
ERROR - 2023-11-27 15:52:15 --> Error connecting to the database: mysqli_sql_exception: Access denied for user 'root'@'localhost' (using password: YES) in D:\Proyek\Logistic 88\88\vendor\codeigniter4\framework\system\Database\MySQLi\Connection.php:184
Stack trace:
#0 D:\Proyek\Logistic 88\88\vendor\codeigniter4\framework\system\Database\MySQLi\Connection.php(184): mysqli->real_connect('127.0.0.1', 'root', Object(SensitiveParameterValue), '88', 3306, '', 0)
#1 D:\Proyek\Logistic 88\88\vendor\codeigniter4\framework\system\Database\BaseConnection.php(392): CodeIgniter\Database\MySQLi\Connection->connect(false)
#2 D:\Proyek\Logistic 88\88\vendor\codeigniter4\framework\system\Database\BaseConnection.php(575): CodeIgniter\Database\BaseConnection->initialize()
#3 D:\Proyek\Logistic 88\88\vendor\codeigniter4\framework\system\Database\BaseBuilder.php(1615): CodeIgniter\Database\BaseConnection->query('SELECT `admingu...', Array, false)
#4 D:\Proyek\Logistic 88\88\app\Models\AdminGudang.php(21): CodeIgniter\Database\BaseBuilder->get()
#5 D:\Proyek\Logistic 88\88\app\Controllers\AdminController.php(111): App\Models\AdminGudang->getAllAdminGudang()
#6 D:\Proyek\Logistic 88\88\vendor\codeigniter4\framework\system\CodeIgniter.php(942): App\Controllers\AdminController->index_ag()
#7 D:\Proyek\Logistic 88\88\vendor\codeigniter4\framework\system\CodeIgniter.php(502): CodeIgniter\CodeIgniter->runController(Object(App\Controllers\AdminController))
#8 D:\Proyek\Logistic 88\88\vendor\codeigniter4\framework\system\CodeIgniter.php(361): CodeIgniter\CodeIgniter->handleRequest(NULL, Object(Config\Cache), false)
#9 D:\Proyek\Logistic 88\88\public\index.php(79): CodeIgniter\CodeIgniter->run()
#10 D:\Proyek\Logistic 88\88\vendor\codeigniter4\framework\system\Commands\Server\rewrite.php(47): require_once('D:\\Proyek\\Logis...')
#11 {main}

Next CodeIgniter\Database\Exceptions\DatabaseException: Access denied for user '****'@'localhost' (using password: YES) in D:\Proyek\Logistic 88\88\vendor\codeigniter4\framework\system\Database\MySQLi\Connection.php:229
Stack trace:
#0 D:\Proyek\Logistic 88\88\vendor\codeigniter4\framework\system\Database\BaseConnection.php(392): CodeIgniter\Database\MySQLi\Connection->connect(false)
#1 D:\Proyek\Logistic 88\88\vendor\codeigniter4\framework\system\Database\BaseConnection.php(575): CodeIgniter\Database\BaseConnection->initialize()
#2 D:\Proyek\Logistic 88\88\vendor\codeigniter4\framework\system\Database\BaseBuilder.php(1615): CodeIgniter\Database\BaseConnection->query('SELECT `admingu...', Array, false)
#3 D:\Proyek\Logistic 88\88\app\Models\AdminGudang.php(21): CodeIgniter\Database\BaseBuilder->get()
#4 D:\Proyek\Logistic 88\88\app\Controllers\AdminController.php(111): App\Models\AdminGudang->getAllAdminGudang()
#5 D:\Proyek\Logistic 88\88\vendor\codeigniter4\framework\system\CodeIgniter.php(942): App\Controllers\AdminController->index_ag()
#6 D:\Proyek\Logistic 88\88\vendor\codeigniter4\framework\system\CodeIgniter.php(502): CodeIgniter\CodeIgniter->runController(Object(App\Controllers\AdminController))
#7 D:\Proyek\Logistic 88\88\vendor\codeigniter4\framework\system\CodeIgniter.php(361): CodeIgniter\CodeIgniter->handleRequest(NULL, Object(Config\Cache), false)
#8 D:\Proyek\Logistic 88\88\public\index.php(79): CodeIgniter\CodeIgniter->run()
#9 D:\Proyek\Logistic 88\88\vendor\codeigniter4\framework\system\Commands\Server\rewrite.php(47): require_once('D:\\Proyek\\Logis...')
#10 {main}
CRITICAL - 2023-11-27 15:52:15 --> Unable to connect to the database.
Main connection [MySQLi]: Access denied for user '****'@'localhost' (using password: YES)
in SYSTEMPATH\Database\BaseConnection.php on line 428.
 1 SYSTEMPATH\Database\BaseConnection.php(575): CodeIgniter\Database\BaseConnection->initialize()
 2 SYSTEMPATH\Database\BaseBuilder.php(1615): CodeIgniter\Database\BaseConnection->query('SELECT `admingudang`.*, `user`.*
FROM `admingudang`
LEFT JOIN `user` ON `user`.`id_user` = `admingudang`.`id_user`', [], false)
 3 APPPATH\Models\AdminGudang.php(21): CodeIgniter\Database\BaseBuilder->get()
 4 APPPATH\Controllers\AdminController.php(111): App\Models\AdminGudang->getAllAdminGudang()
 5 SYSTEMPATH\CodeIgniter.php(942): App\Controllers\AdminController->index_ag()
 6 SYSTEMPATH\CodeIgniter.php(502): CodeIgniter\CodeIgniter->runController(Object(App\Controllers\AdminController))
 7 SYSTEMPATH\CodeIgniter.php(361): CodeIgniter\CodeIgniter->handleRequest(null, Object(Config\Cache), false)
 8 FCPATH\index.php(79): CodeIgniter\CodeIgniter->run()
 9 SYSTEMPATH\Commands\Server\rewrite.php(47): require_once('D:\\Proyek\\Logistic 88\\88\\public\\index.php')
