CRITICAL - 2023-11-29 09:22:21 --> Undefined property: stdClass::$kota
in APPPATH/Views/admin/kpm/index.php on line 28.
 1 APPPATH/Views/admin/kpm/index.php(28): CodeIgniter\Debug\Exceptions->errorHandler(2, 'Undefined property: stdClass::$kota', '/Applications/MAMP/htdocs/88/app/Views/admin/kpm/index.php', 28)
 2 SYSTEMPATH/View/View.php(228): include('/Applications/MAMP/htdocs/88/app/Views/admin/kpm/index.php')
 3 SYSTEMPATH/View/View.php(231): CodeIgniter\View\View->CodeIgniter\View\{closure}()
 4 SYSTEMPATH/Common.php(1190): CodeIgniter\View\View->render('admin/kpm/index', [], true)
 5 APPPATH/Controllers/AdminController.php(51): view('admin/kpm/index', [...])
 6 SYSTEMPATH/CodeIgniter.php(942): App\Controllers\AdminController->index_kpm()
 7 SYSTEMPATH/CodeIgniter.php(502): CodeIgniter\CodeIgniter->runController(Object(App\Controllers\AdminController))
 8 SYSTEMPATH/CodeIgniter.php(361): CodeIgniter\CodeIgniter->handleRequest(null, Object(Config\Cache), false)
 9 FCPATH/index.php(79): CodeIgniter\CodeIgniter->run()
10 SYSTEMPATH/Commands/Server/rewrite.php(47): require_once('/Applications/MAMP/htdocs/88/public/index.php')
CRITICAL - 2023-11-29 09:29:22 --> syntax error, unexpected token ";", expecting "]"
in APPPATH/Controllers/AdminController.php on line 72.
 1 SYSTEMPATH/Autoloader/Autoloader.php(291): CodeIgniter\Autoloader\Autoloader->includeFile('/Applications/MAMP/htdocs/88/app/Controllers/AdminController.php')
 2 SYSTEMPATH/Autoloader/Autoloader.php(269): CodeIgniter\Autoloader\Autoloader->loadInNamespace('App\\Controllers\\AdminController')
 3 [internal function]: CodeIgniter\Autoloader\Autoloader->loadClass('App\\Controllers\\AdminController')
 4 SYSTEMPATH/CodeIgniter.php(900): class_exists('\\App\\Controllers\\AdminController', true)
 5 SYSTEMPATH/CodeIgniter.php(489): CodeIgniter\CodeIgniter->startController()
 6 SYSTEMPATH/CodeIgniter.php(361): CodeIgniter\CodeIgniter->handleRequest(null, Object(Config\Cache), false)
 7 FCPATH/index.php(79): CodeIgniter\CodeIgniter->run()
 8 SYSTEMPATH/Commands/Server/rewrite.php(47): require_once('/Applications/MAMP/htdocs/88/public/index.php')
CRITICAL - 2023-11-29 09:29:25 --> syntax error, unexpected token ";", expecting "]"
in APPPATH/Controllers/AdminController.php on line 72.
 1 SYSTEMPATH/Autoloader/Autoloader.php(291): CodeIgniter\Autoloader\Autoloader->includeFile('/Applications/MAMP/htdocs/88/app/Controllers/AdminController.php')
 2 SYSTEMPATH/Autoloader/Autoloader.php(269): CodeIgniter\Autoloader\Autoloader->loadInNamespace('App\\Controllers\\AdminController')
 3 [internal function]: CodeIgniter\Autoloader\Autoloader->loadClass('App\\Controllers\\AdminController')
 4 SYSTEMPATH/CodeIgniter.php(900): class_exists('\\App\\Controllers\\AdminController', true)
 5 SYSTEMPATH/CodeIgniter.php(489): CodeIgniter\CodeIgniter->startController()
 6 SYSTEMPATH/CodeIgniter.php(361): CodeIgniter\CodeIgniter->handleRequest(null, Object(Config\Cache), false)
 7 FCPATH/index.php(79): CodeIgniter\CodeIgniter->run()
 8 SYSTEMPATH/Commands/Server/rewrite.php(47): require_once('/Applications/MAMP/htdocs/88/public/index.php')
CRITICAL - 2023-11-29 09:33:00 --> syntax error, unexpected token ";"
in APPPATH/Views/admin/kpm/detail.php on line 18.
 1 SYSTEMPATH/View/View.php(231): CodeIgniter\View\View->CodeIgniter\View\{closure}()
 2 SYSTEMPATH/Common.php(1190): CodeIgniter\View\View->render('admin/kpm/detail', [], true)
 3 APPPATH/Controllers/AdminController.php(74): view('admin/kpm/detail', [...])
 4 SYSTEMPATH/CodeIgniter.php(942): App\Controllers\AdminController->detail_kpm('1')
 5 SYSTEMPATH/CodeIgniter.php(502): CodeIgniter\CodeIgniter->runController(Object(App\Controllers\AdminController))
 6 SYSTEMPATH/CodeIgniter.php(361): CodeIgniter\CodeIgniter->handleRequest(null, Object(Config\Cache), false)
 7 FCPATH/index.php(79): CodeIgniter\CodeIgniter->run()
 8 SYSTEMPATH/Commands/Server/rewrite.php(47): require_once('/Applications/MAMP/htdocs/88/public/index.php')
CRITICAL - 2023-11-29 09:33:16 --> Undefined variable $data
in APPPATH/Views/admin/kpm/detail.php on line 18.
 1 APPPATH/Views/admin/kpm/detail.php(18): CodeIgniter\Debug\Exceptions->errorHandler(2, 'Undefined variable $data', '/Applications/MAMP/htdocs/88/app/Views/admin/kpm/detail.php', 18)
 2 SYSTEMPATH/View/View.php(228): include('/Applications/MAMP/htdocs/88/app/Views/admin/kpm/detail.php')
 3 SYSTEMPATH/View/View.php(231): CodeIgniter\View\View->CodeIgniter\View\{closure}()
 4 SYSTEMPATH/Common.php(1190): CodeIgniter\View\View->render('admin/kpm/detail', [], true)
 5 APPPATH/Controllers/AdminController.php(74): view('admin/kpm/detail', [...])
 6 SYSTEMPATH/CodeIgniter.php(942): App\Controllers\AdminController->detail_kpm('1')
 7 SYSTEMPATH/CodeIgniter.php(502): CodeIgniter\CodeIgniter->runController(Object(App\Controllers\AdminController))
 8 SYSTEMPATH/CodeIgniter.php(361): CodeIgniter\CodeIgniter->handleRequest(null, Object(Config\Cache), false)
 9 FCPATH/index.php(79): CodeIgniter\CodeIgniter->run()
10 SYSTEMPATH/Commands/Server/rewrite.php(47): require_once('/Applications/MAMP/htdocs/88/public/index.php')
CRITICAL - 2023-11-29 10:42:25 --> Invalid file: "admingudang/dashboard/index.php"
in SYSTEMPATH/Exceptions/FrameworkException.php on line 39.
 1 SYSTEMPATH/View/View.php(216): CodeIgniter\Exceptions\FrameworkException::forInvalidFile('admingudang/dashboard/index.php')
 2 SYSTEMPATH/Common.php(1190): CodeIgniter\View\View->render('admingudang/dashboard/index', [], true)
 3 APPPATH/Controllers/AdminGudangController.php(28): view('admingudang/dashboard/index', [...])
 4 SYSTEMPATH/CodeIgniter.php(942): App\Controllers\AdminGudangController->index()
 5 SYSTEMPATH/CodeIgniter.php(502): CodeIgniter\CodeIgniter->runController(Object(App\Controllers\AdminGudangController))
 6 SYSTEMPATH/CodeIgniter.php(361): CodeIgniter\CodeIgniter->handleRequest(null, Object(Config\Cache), false)
 7 FCPATH/index.php(79): CodeIgniter\CodeIgniter->run()
 8 SYSTEMPATH/Commands/Server/rewrite.php(47): require_once('/Applications/MAMP/htdocs/88/public/index.php')
CRITICAL - 2023-11-29 11:17:24 --> Undefined variable $dataAG
in APPPATH/Views/admingudang/beritaacara/index.php on line 22.
 1 APPPATH/Views/admingudang/beritaacara/index.php(22): CodeIgniter\Debug\Exceptions->errorHandler(2, 'Undefined variable $dataAG', '/Applications/MAMP/htdocs/88/app/Views/admingudang/beritaacara/index.php', 22)
 2 SYSTEMPATH/View/View.php(228): include('/Applications/MAMP/htdocs/88/app/Views/admingudang/beritaacara/index.php')
 3 SYSTEMPATH/View/View.php(231): CodeIgniter\View\View->CodeIgniter\View\{closure}()
 4 SYSTEMPATH/Common.php(1190): CodeIgniter\View\View->render('admingudang/beritaacara/index', [], true)
 5 APPPATH/Controllers/AdminGudangController.php(28): view('admingudang/beritaacara/index', [...])
 6 SYSTEMPATH/CodeIgniter.php(942): App\Controllers\AdminGudangController->index()
 7 SYSTEMPATH/CodeIgniter.php(502): CodeIgniter\CodeIgniter->runController(Object(App\Controllers\AdminGudangController))
 8 SYSTEMPATH/CodeIgniter.php(361): CodeIgniter\CodeIgniter->handleRequest(null, Object(Config\Cache), false)
 9 FCPATH/index.php(79): CodeIgniter\CodeIgniter->run()
10 SYSTEMPATH/Commands/Server/rewrite.php(47): require_once('/Applications/MAMP/htdocs/88/public/index.php')
CRITICAL - 2023-11-29 11:17:58 --> Undefined variable $dataAG
in APPPATH/Views/admingudang/beritaacara/index.php on line 22.
 1 APPPATH/Views/admingudang/beritaacara/index.php(22): CodeIgniter\Debug\Exceptions->errorHandler(2, 'Undefined variable $dataAG', '/Applications/MAMP/htdocs/88/app/Views/admingudang/beritaacara/index.php', 22)
 2 SYSTEMPATH/View/View.php(228): include('/Applications/MAMP/htdocs/88/app/Views/admingudang/beritaacara/index.php')
 3 SYSTEMPATH/View/View.php(231): CodeIgniter\View\View->CodeIgniter\View\{closure}()
 4 SYSTEMPATH/Common.php(1190): CodeIgniter\View\View->render('admingudang/beritaacara/index', [], true)
 5 APPPATH/Controllers/AdminGudangController.php(28): view('admingudang/beritaacara/index', [...])
 6 SYSTEMPATH/CodeIgniter.php(942): App\Controllers\AdminGudangController->index()
 7 SYSTEMPATH/CodeIgniter.php(502): CodeIgniter\CodeIgniter->runController(Object(App\Controllers\AdminGudangController))
 8 SYSTEMPATH/CodeIgniter.php(361): CodeIgniter\CodeIgniter->handleRequest(null, Object(Config\Cache), false)
 9 FCPATH/index.php(79): CodeIgniter\CodeIgniter->run()
10 SYSTEMPATH/Commands/Server/rewrite.php(47): require_once('/Applications/MAMP/htdocs/88/public/index.php')
